<?xml version="1.0" encoding="UTF-8"?>
<!-- Generated by org.testng.reporters.JUnitReportReporter -->
<testsuite hostname="EMaaS005" failures="0" tests="1" name="com.enrollment.SoapWebServiceTest.SoapWebServiceTestApplicationTests" time="3.977" errors="0" timestamp="2022-11-22T13:10:45 IST" skipped="0">
  <testcase classname="com.enrollment.SoapWebServiceTest.SoapWebServiceTestApplicationTests" name="enrollmentSparseTest" time="3.977"/>
  <system-out/>
</testsuite> <!-- com.enrollment.SoapWebServiceTest.SoapWebServiceTestApplicationTests -->
