<?xml version="1.0" encoding="UTF-8"?>
<!-- Generated by org.testng.reporters.JUnitReportReporter -->
<testsuite hostname="EMaaS005" failures="0" tests="1" name="com.enrollment.EMASSWebService.EMASSWebService" time="2.642" errors="0" timestamp="2022-11-22T18:23:51 IST" skipped="0">
  <testcase classname="com.enrollment.EMASSWebService.EMASSWebService" name="enrollmentSparseTest" time="2.642"/>
  <system-out/>
</testsuite> <!-- com.enrollment.EMASSWebService.EMASSWebService -->
