<?xml version="1.0" encoding="UTF-8"?>
<!-- Generated by org.testng.reporters.JUnitReportReporter -->
<testsuite hostname="EMaaS005" failures="0" tests="1" name="com.enrollment.EmassWebService.EmassWebServiceAPI" time="9.012" errors="0" timestamp="2022-12-21T20:44:13 IST" skipped="0">
  <testcase classname="com.enrollment.EmassWebService.EmassWebServiceAPI" name="enrollmentSparseTest" time="9.012"/>
  <system-out/>
</testsuite> <!-- com.enrollment.EmassWebService.EmassWebServiceAPI -->
